Arguments: 
  D:\software\node\node.exe C:\Users\lyh\AppData\Roaming\npm\node_modules\yarn\bin\yarn.js add -D @vuepress/plugin-copy-code

PATH: 
  C:\Program Files (x86)\Common Files\Oracle\Java\javapath;C:\Windows\system32;C:\Windows;C:\Windows\System32\Wbem;C:\Windows\System32\WindowsPowerShell\v1.0\;D:\software\node\;C:\Program Files\Java\jdk1.8.0_221\jre\bin;C:\Program Files\Java\jdk1.8.0_221\bin;D:\software\Git\cmd;C:\Program Files\TortoiseGit\bin;D:\software\微信web开发者工具\dll;D:\software\apache-maven-3.3.9\bin\;D:\software\mysql-8.0.16-winx64\bin\bin;D:\software\python\Scripts\;D:\software\python\;C:\Users\lyh\AppData\Local\Microsoft\WindowsApps;D:\software\Microsoft VS Code\bin;C:\Users\lyh\AppData\Roaming\npm;D:\software\qqgame\Hall.57804\

Yarn version: 
  1.22.19

Node version: 
  16.13.2

Platform: 
  win32 x64

Trace: 
  Error: https://registry.npm.taobao.org/@vuepress%2fplugin-copy-code: Not found
      at Request.params.callback [as _callback] (C:\Users\lyh\AppData\Roaming\npm\node_modules\yarn\lib\cli.js:66145:18)
      at Request.self.callback (C:\Users\lyh\AppData\Roaming\npm\node_modules\yarn\lib\cli.js:140890:22)
      at Request.emit (node:events:390:28)
      at Request.<anonymous> (C:\Users\lyh\AppData\Roaming\npm\node_modules\yarn\lib\cli.js:141862:10)
      at Request.emit (node:events:390:28)
      at IncomingMessage.<anonymous> (C:\Users\lyh\AppData\Roaming\npm\node_modules\yarn\lib\cli.js:141784:12)
      at Object.onceWrapper (node:events:509:28)
      at IncomingMessage.emit (node:events:402:35)
      at endReadableNT (node:internal/streams/readable:1343:12)
      at processTicksAndRejections (node:internal/process/task_queues:83:21)

npm manifest: 
  {
    "name": "vuepress-starter",
    "version": "1.0.0",
    "description": "",
    "main": "index.js",
    "scripts": {
      "docs:dev": "vuepress dev docs",
      "docs:build": "vuepress build docs",
      "deploy": "bash deploy.sh"
    },
    "keywords": [],
    "author": "",
    "license": "ISC",
    "devDependencies": {
      "@vuepress/client": "2.0.0-beta.61",
      "@vuepress/plugin-back-to-top": "2.0.0-beta.61",
      "@vuepress/plugin-nprogress": "2.0.0-beta.61",
      "@vuepress/plugin-prismjs": "2.0.0-beta.61",
      "@vuepress/plugin-search": "2.0.0-beta.61",
      "vue": "^3.2.47",
      "vuepress": "2.0.0-beta.61"
    },
    "dependencies": {
      "directory-tree": "^3.5.1",
      "http-server": "^14.1.1",
      "vue-template-compiler": "^2.7.14"
    }
  }

yarn manifest: 
  No manifest

Lockfile: 
  No lockfile
